132 [31816] INFO perfrun.launcher <> - Launcher main begin
138 [31816] INFO perfrun.launcher <> - MessageCatalogInit finished
138 [31816] INFO perfrun.launcher <> - Launcher instance created
138 [31816] INFO perfrun.launcher <> - argc = 7; cmdline = C:\Program Files (x86)\Intel\oneAPI\vtune\2025.0\bin64\amplxe-runss.exe --ui-output-format xml --ui-output-fd 1292 --option-file D:\An4\APP\project_app\analyze\r001hs\config\runss.options 
156 [31816] INFO perfrun.launcher <> - New signal handler callback was added
314 [31816] INFO perfrun.perfcollector <> - SEP tool path: C:\Program Files (x86)\Intel\oneAPI\vtune\2025.0\bin64\sep.exe
331 [31816] INFO perfrun.launcher <> - create msngr2::ICliToolContext
333 [31816] INFO perfrun.launcher <> - create file finder object
333 [31816] INFO perfrun.launcher <> - create a result directory: pattern = D:\An4\APP\project_app\analyze\r001hs pid = 4294967295
336 [31816] INFO perfrun.launcher <> - create data directory = D:\An4\APP\project_app\analyze\r001hs\data.0
336 [31816] INFO perfrun.launcher <> - Creating the master collection flag
347 [31816] INFO perfrun.launcher <> - Done creating the master collection flag
347 [30796] INFO perfrun.launcher <> - plugin [remoteplug] was disabled because it doesn't support the given collection type.
347 [30796] INFO perfrun.sdk <> - Allocating TMU :D:\An4\APP\project_app\analyze\r001hs\data.0\systemcollector-32424-daba.sc
348 [30796] INFO perfrun.launcher <> - plugin [] was disabled because it doesn't support the given collection type.
352 [30796] INFO perfrun.launcher <> - plugin [] was disabled because it doesn't support the given collection type.
352 [30796] INFO perfrun.launcher <> - plugin [gpu] was disabled because it doesn't support the given collection type.
352 [30796] INFO perfrun.launcher <> - plugin [etw.kernel] was disabled because it doesn't support the given collection type.
352 [30796] INFO perfrun.launcher <> - plugin [etw.dx] was disabled because it doesn't support the given collection type.
352 [30796] INFO perfrun.launcher <> - plugin [etw.wsa] was disabled because it doesn't support the given collection type.
352 [30796] INFO perfrun.mrte <> - system-wide mode is 0
352 [30796] INFO perfrun.mrte <> - Getting  mrte profiling environment ...
381 [30796] INFO perfrun.mrte <> - INTEL_MRTE_DATA_DIR=D:\An4\APP\project_app\analyze\r001hs\data.0
381 [30796] INFO perfrun.mrte <> - INTEL_MRTE_HOST_NAME=daba
381 [30796] INFO perfrun.mrte <> - JAVA_TOOL_OPTIONS=-agentlib:amplxe_samplingmrte_javaprof_1.0
381 [30796] INFO perfrun.mrte <> - PATH=C:\Program Files (x86)\Intel\oneAPI\vtune\2025.0\bin32\runtime;C:\Program Files (x86)\Intel\oneAPI\vtune\2025.0\bin64\runtime;C:\Program Files (x86)\VMware\VMware Workstation\bin\;C:\Program Files\Common Files\Oracle\Java\javapath;C:\WINDOWS\system32;C:\WINDOWS;C:\WINDOWS\System32\Wbem;C:\WINDOWS\System32\WindowsPowerShell\v1.0\;C:\WINDOWS\System32\OpenSSH\;C:\Program Files\Git\cmd;C:\Program Files\dotnet\;C:\Program Files\Microsoft SQL Server\150\Tools\Binn\;C:\Program Files (x86)\Windows Kits\10\Windows Performance Toolkit\;C:\Users\belib\AppData\Local\Programs\Python\Python312\Scripts\;C:\Users\belib\AppData\Local\Programs\Python\Python312\;C:\Users\belib\AppData\Local\Programs\Python\Launcher\;C:\Users\belib\AppData\Local\Microsoft\WindowsApps;C:\Users\belib\AppData\Local\Programs\Microsoft VS Code\bin;D:\.SetUp\.Inteliij_Idea\IntelliJ IDEA 2022.2.2\bin;C:\Users\belib\AppData\Local\JetBrains\Toolbox\scripts;;C:\ghcup\bin
381 [30796] INFO perfrun.mrte <> - COR_ENABLE_PROFILING=1
381 [30796] INFO perfrun.mrte <> - COR_PROFILER={AA5E4821-E3B1-479c-B7FF-5AD047D22CED}
381 [30796] INFO perfrun.mrte <> - COMPLUS_ProfAPI_ProfilerCompatibilitySetting=EnableV2Profiler
381 [30796] INFO perfrun.mrte <> - CORECLR_ENABLE_PROFILING=1
381 [30796] INFO perfrun.mrte <> - CORECLR_PROFILER={AA5E4821-E3B1-479c-B7FF-5AD047D22CED}
381 [30796] INFO perfrun.mrte <> - CORECLR_PROFILER_PATH=C:\Program Files (x86)\Intel\oneAPI\vtune\2025.0\bin64/amplxe_samplingmrte_clrprof_1.0.dll
381 [30796] INFO perfrun.mrte <> - INTEL_MRTE_PROFILER_MODE=mixed
381 [30796] INFO perfrun.mrte <> - Data directory: D:\An4\APP\project_app\analyze\r001hs\data.0
381 [30796] INFO perfrun.mrte <> - Mrte plugin is initialized
381 [30796] INFO perfrun.launcher <> - plugin [emon] was disabled because it doesn't support the given collection type.
381 [30796] INFO perfrun.launcher <> - plugin [cuscol] was disabled because it doesn't support the given collection type.
381 [30796] INFO perfrun.launcher <> - plugin [stdsrc] was disabled because it doesn't support the given collection type.
381 [30796] INFO perfrun.launcher <> - plugin [sep] was disabled because it doesn't support the given collection type.
381 [30796] INFO perfrun.launcher <> - plugin [vtsspp] was disabled because it doesn't support the given collection type.
381 [30796] INFO perfrun.launcher <> - plugin [perf] was disabled because it doesn't support the given collection type.
381 [30796] INFO perfrun.launcher <> - plugin [aoclprofile] was disabled because it doesn't support the given collection type.
381 [30796] INFO perfrun.tpss <> - initialize tpss controller
381 [30796] INFO perfrun.tpss <> - configure collection mode: value = cpu:counters:nostack
381 [30796] INFO perfrun.tpss <> - configure collection mode: value = cpu:stack
381 [30796] INFO perfrun.tpss <> - default obj-size-min=1024
381 [30796] INFO perfrun.tpss <> - default hash-table-size=0
382 [30796] INFO perfrun.launcher <> - plugin [] was disabled because it doesn't support the given collection type.
382 [30796] INFO perfrun.launcher <> - plugin [] was disabled because it doesn't support the given collection type.
382 [30796] INFO perfrun.launcher <> - plugin [] was disabled because it doesn't support the given collection type.
382 [30796] INFO perfrun.launcher <> - plugin [] was disabled because it doesn't support the given collection type.
382 [30796] INFO perfrun.launcher <> - plugin [power] was disabled because it doesn't support the given collection type.
382 [30796] INFO perfrun.launcher <> - plugin [] was disabled because it doesn't support the given collection type.
382 [30796] INFO perfrun.launcher <> - plugin [ipmwatch] was disabled because it doesn't support the given collection type.
382 [30796] INFO perfrun.launcher <> - plugin [os_counters] was disabled because it doesn't support the given collection type.
382 [30796] INFO perfrun.launcher <> - plugin [l0_metrics] was disabled because it doesn't support the given collection type.
383 [31816] INFO perfrun.launcher <> - set environment variable: PATH = C:\Program Files (x86)\Intel\oneAPI\vtune\2025.0\bin32\runtime;C:\Program Files (x86)\Intel\oneAPI\vtune\2025.0\bin64\runtime;C:\Program Files (x86)\VMware\VMware Workstation\bin\;C:\Program Files\Common Files\Oracle\Java\javapath;C:\WINDOWS\system32;C:\WINDOWS;C:\WINDOWS\System32\Wbem;C:\WINDOWS\System32\WindowsPowerShell\v1.0\;C:\WINDOWS\System32\OpenSSH\;C:\Program Files\Git\cmd;C:\Program Files\dotnet\;C:\Program Files\Microsoft SQL Server\150\Tools\Binn\;C:\Program Files (x86)\Windows Kits\10\Windows Performance Toolkit\;C:\Users\belib\AppData\Local\Programs\Python\Python312\Scripts\;C:\Users\belib\AppData\Local\Programs\Python\Python312\;C:\Users\belib\AppData\Local\Programs\Python\Launcher\;C:\Users\belib\AppData\Local\Microsoft\WindowsApps;C:\Users\belib\AppData\Local\Programs\Microsoft VS Code\bin;D:\.SetUp\.Inteliij_Idea\IntelliJ IDEA 2022.2.2\bin;C:\Users\belib\AppData\Local\JetBrains\Toolbox\scripts;;C:\ghcup\bin
383 [31816] INFO perfrun.launcher <> - set environment variable: INTEL_LIBITTNOTIFY32 = C:\Program Files (x86)\Intel\oneAPI\vtune\2025.0\bin32\runtime\ittnotify_collector.dll
383 [31816] INFO perfrun.launcher <> - set environment variable: INTEL_LIBITTNOTIFY64 = C:\Program Files (x86)\Intel\oneAPI\vtune\2025.0\bin64\runtime\ittnotify_collector.dll
383 [31816] INFO perfrun.launcher <> - set environment variable: INTEL_ITTNOTIFY_GROUPS = 
383 [31816] INFO perfrun.launcher <> - set environment variable: INTEL_JIT_PROFILER32 = C:\Program Files (x86)\Intel\oneAPI\vtune\2025.0\bin32\runtime\ittnotify_collector.dll
384 [31816] INFO perfrun.launcher <> - set environment variable: INTEL_JIT_PROFILER64 = C:\Program Files (x86)\Intel\oneAPI\vtune\2025.0\bin64\runtime\ittnotify_collector.dll
384 [31816] INFO perfrun.launcher <> - set environment variable: CCL_ITT_LEVEL = 1
384 [31816] INFO perfrun.launcher <> - set environment variable: ENABLE_JITPROFILING = 1
384 [31816] INFO perfrun.launcher <> - set environment variable: CL_CONFIG_USE_VTUNE = True
385 [31816] INFO perfrun.launcher <> - set environment variable: KMP_FORKJOIN_FRAMES = 0
385 [31816] INFO perfrun.launcher <> - set environment variable: KMP_FORKJOIN_FRAMES_MODE = 0
385 [31816] INFO perfrun.launcher <> - set environment variable: INTEL_MRTE_DATA_DIR = D:\An4\APP\project_app\analyze\r001hs\data.0
385 [31816] INFO perfrun.launcher <> - set environment variable: INTEL_MRTE_HOST_NAME = daba
386 [31816] INFO perfrun.launcher <> - set environment variable: JAVA_TOOL_OPTIONS = -agentlib:amplxe_samplingmrte_javaprof_1.0
386 [31816] INFO perfrun.launcher <> - set environment variable: PATH = C:\Program Files (x86)\Intel\oneAPI\vtune\2025.0\bin32\runtime;C:\Program Files (x86)\Intel\oneAPI\vtune\2025.0\bin64\runtime;C:\Program Files (x86)\VMware\VMware Workstation\bin\;C:\Program Files\Common Files\Oracle\Java\javapath;C:\WINDOWS\system32;C:\WINDOWS;C:\WINDOWS\System32\Wbem;C:\WINDOWS\System32\WindowsPowerShell\v1.0\;C:\WINDOWS\System32\OpenSSH\;C:\Program Files\Git\cmd;C:\Program Files\dotnet\;C:\Program Files\Microsoft SQL Server\150\Tools\Binn\;C:\Program Files (x86)\Windows Kits\10\Windows Performance Toolkit\;C:\Users\belib\AppData\Local\Programs\Python\Python312\Scripts\;C:\Users\belib\AppData\Local\Programs\Python\Python312\;C:\Users\belib\AppData\Local\Programs\Python\Launcher\;C:\Users\belib\AppData\Local\Microsoft\WindowsApps;C:\Users\belib\AppData\Local\Programs\Microsoft VS Code\bin;D:\.SetUp\.Inteliij_Idea\IntelliJ IDEA 2022.2.2\bin;C:\Users\belib\AppData\Local\JetBrains\Toolbox\scripts;;C:\ghcup\bin
386 [31816] INFO perfrun.launcher <> - set environment variable: COR_ENABLE_PROFILING = 1
386 [31816] INFO perfrun.launcher <> - set environment variable: COR_PROFILER = {AA5E4821-E3B1-479c-B7FF-5AD047D22CED}
386 [31816] INFO perfrun.launcher <> - set environment variable: COMPLUS_ProfAPI_ProfilerCompatibilitySetting = EnableV2Profiler
386 [31816] INFO perfrun.launcher <> - set environment variable: CORECLR_ENABLE_PROFILING = 1
386 [31816] INFO perfrun.launcher <> - set environment variable: CORECLR_PROFILER = {AA5E4821-E3B1-479c-B7FF-5AD047D22CED}
386 [31816] INFO perfrun.launcher <> - set environment variable: CORECLR_PROFILER_PATH = C:\Program Files (x86)\Intel\oneAPI\vtune\2025.0\bin64/amplxe_samplingmrte_clrprof_1.0.dll
386 [31816] INFO perfrun.launcher <> - set environment variable: INTEL_MRTE_PROFILER_MODE = mixed
386 [31816] INFO perfrun.launcher <> - RpcServer: run RPC server to handle requests
393 [31816] INFO perfrun.sdk <> - IProcessUtil: the given executable 'D:\An4\APP\project_app\queens.exe' is valid.
393 [31816] INFO perfrun.launcher <> - Launcher: command line to start before modification = D:\An4\APP\project_app\queens.exe 14
397 [31816] INFO perfrun.launcher <> - Launcher: command line to start after modification = C:\Program Files (x86)\Intel\oneAPI\vtune\2025.0\bin64\pin.exe -error_file D:\An4\APP\project_app\analyze\r001hs\data.0\pinerr.tpsslog -detach_reattach -probe -follow_execv -p32 C:\Program Files (x86)\Intel\oneAPI\vtune\2025.0\bin32\pin.exe -p64 C:\Program Files (x86)\Intel\oneAPI\vtune\2025.0\bin64\pin.exe -t64 C:\Program Files (x86)\Intel\oneAPI\vtune\2025.0\bin64\tpsstool.dll -t C:\Program Files (x86)\Intel\oneAPI\vtune\2025.0\bin32\tpsstool.dll -server_name tpss_ipc.32424 -prd_dir C:\Program Files (x86)\Intel\oneAPI\vtune\2025.0 -- D:\An4\APP\project_app\queens.exe 14
397 [31816] INFO perfrun.launcher <> - ProcessCreator object was created
401 [31816] INFO perfrun.launcher <> - Launcher: the process was started in suspend mode
402 [30796] INFO perfrun.itt <> - start itt controller for pid #18680
405 [30796] INFO perfrun.tpss <> - start tpss controller for pid #18680
463 [31816] INFO perfrun.launcher <> - Launcher: all plugins were started
463 [31816] INFO perfrun.launcher <> - DirectoryMonitor object was created
463 [31816] INFO perfrun.launcher <> - DirectoryMonitor: a callback was added
463 [31816] INFO perfrun.launcher <> - DirectoryMonitor was started with pingTime = 1000
463 [31816] INFO perfrun.launcher <> - DeadlineTimer is going to be constructed
464 [31816] INFO perfrun.launcher <> - DeadlineTimer: a callback was added
478 [31816] INFO perfrun.launcher <> - Launcher: resume the profiled application and  wait its termination or stop command
1151 [31816] INFO perfrun.launcher <> - Launcher: the profiled application was terminated  with exit code = 0
1164 [30796] INFO perfrun.itt <> - detach itt controller
1164 [30796] INFO perfrun.itt <> - detach itt controller done
1164 [30796] INFO perfrun.tpss <> - stop tpss controller
1165 [30796] INFO perfrun.sdk <> - De-allocating TMU: D:\An4\APP\project_app\analyze\r001hs\data.0\systemcollector-32424-daba.sc
1176 [30796] INFO perfrun.system <> - closed the system trace file: D:\An4\APP\project_app\analyze\r001hs\data.0\systemcollector-32424-daba.sc
1177 [31816] INFO perfrun.launcher <> - Launcher: all plugins were stopped.
1177 [31816] INFO perfrun.launcher <> - DeadlineTimer is going to be destroyed
1177 [31816] INFO perfrun.launcher <> - DeadlineTimer was destroyed
1177 [31816] INFO perfrun.launcher <> - DirectoryMonitor object was destroyed
1177 [31816] WARN perfrun.launcher <> - Stop command is ignored because it is received when collection is already stopped, at file: vcs\perfrun1\launcher\src\command_handler.cpp:226
1178 [31816] INFO perfrun.launcher <> - Application exit code: 0
1178 [31816] INFO perfrun.launcher <> - Exit code: 0
