129 [32316] INFO perfrun.launcher <> - Launcher main begin
136 [32316] INFO perfrun.launcher <> - MessageCatalogInit finished
136 [32316] INFO perfrun.launcher <> - Launcher instance created
136 [32316] INFO perfrun.launcher <> - argc = 7; cmdline = C:\Program Files (x86)\Intel\oneAPI\vtune\2025.0\bin64\amplxe-runss.exe --ui-output-format xml --ui-output-fd 980 --option-file D:\An4\APP\project_app\analyze\r000ps\config\runss.options 
152 [32316] INFO perfrun.launcher <> - New signal handler callback was added
353 [32316] INFO perfrun.perfcollector <> - SEP tool path: C:\Program Files (x86)\Intel\oneAPI\vtune\2025.0\bin64\sep.exe
371 [32316] INFO perfrun.launcher <> - create msngr2::ICliToolContext
372 [32316] INFO perfrun.launcher <> - create file finder object
373 [32316] INFO perfrun.launcher <> - create a result directory: pattern = D:\An4\APP\project_app\analyze\r000ps pid = 4294967295
378 [32316] INFO perfrun.launcher <> - create data directory = D:\An4\APP\project_app\analyze\r000ps\data.0
380 [32316] INFO perfrun.launcher <> - Creating the master collection flag
392 [32316] INFO perfrun.launcher <> - Done creating the master collection flag
393 [31928] INFO perfrun.launcher <> - plugin [remoteplug] was disabled because it doesn't support the given collection type.
394 [31928] INFO perfrun.sdk <> - Allocating TMU :D:\An4\APP\project_app\analyze\r000ps\data.0\systemcollector-33892-daba.sc
395 [31928] INFO perfrun.launcher <> - plugin [] was disabled because it doesn't support the given collection type.
399 [31928] INFO perfrun.launcher <> - plugin [] was disabled because it doesn't support the given collection type.
399 [31928] INFO perfrun.launcher <> - plugin [gpu] was disabled because it doesn't support the given collection type.
399 [31928] INFO perfrun.launcher <> - plugin [etw.kernel] was disabled because it doesn't support the given collection type.
400 [31928] INFO perfrun.launcher <> - plugin [etw.dx] was disabled because it doesn't support the given collection type.
400 [31928] INFO perfrun.launcher <> - plugin [etw.wsa] was disabled because it doesn't support the given collection type.
400 [31928] INFO perfrun.mrte <> - system-wide mode is 0
400 [31928] INFO perfrun.mrte <> - Getting  mrte profiling environment ...
474 [31928] INFO perfrun.mrte <> - INTEL_MRTE_DATA_DIR=D:\An4\APP\project_app\analyze\r000ps\data.0
474 [31928] INFO perfrun.mrte <> - INTEL_MRTE_HOST_NAME=daba
474 [31928] INFO perfrun.mrte <> - JAVA_TOOL_OPTIONS=-agentlib:amplxe_samplingmrte_javaprof_1.0
474 [31928] INFO perfrun.mrte <> - PATH=C:\Program Files (x86)\Intel\oneAPI\vtune\2025.0\bin32\runtime;C:\Program Files (x86)\Intel\oneAPI\vtune\2025.0\bin64\runtime;C:\Program Files (x86)\VMware\VMware Workstation\bin\;C:\Program Files\Common Files\Oracle\Java\javapath;C:\WINDOWS\system32;C:\WINDOWS;C:\WINDOWS\System32\Wbem;C:\WINDOWS\System32\WindowsPowerShell\v1.0\;C:\WINDOWS\System32\OpenSSH\;C:\Program Files\Git\cmd;C:\Program Files\dotnet\;C:\Program Files\Microsoft SQL Server\150\Tools\Binn\;C:\Program Files (x86)\Windows Kits\10\Windows Performance Toolkit\;C:\Users\belib\AppData\Local\Programs\Python\Python312\Scripts\;C:\Users\belib\AppData\Local\Programs\Python\Python312\;C:\Users\belib\AppData\Local\Programs\Python\Launcher\;C:\Users\belib\AppData\Local\Microsoft\WindowsApps;C:\Users\belib\AppData\Local\Programs\Microsoft VS Code\bin;D:\.SetUp\.Inteliij_Idea\IntelliJ IDEA 2022.2.2\bin;C:\Users\belib\AppData\Local\JetBrains\Toolbox\scripts;;C:\ghcup\bin
474 [31928] INFO perfrun.mrte <> - COR_ENABLE_PROFILING=1
474 [31928] INFO perfrun.mrte <> - COR_PROFILER={AA5E4821-E3B1-479c-B7FF-5AD047D22CED}
474 [31928] INFO perfrun.mrte <> - COMPLUS_ProfAPI_ProfilerCompatibilitySetting=EnableV2Profiler
474 [31928] INFO perfrun.mrte <> - CORECLR_ENABLE_PROFILING=1
474 [31928] INFO perfrun.mrte <> - CORECLR_PROFILER={AA5E4821-E3B1-479c-B7FF-5AD047D22CED}
474 [31928] INFO perfrun.mrte <> - CORECLR_PROFILER_PATH=C:\Program Files (x86)\Intel\oneAPI\vtune\2025.0\bin64/amplxe_samplingmrte_clrprof_1.0.dll
474 [31928] INFO perfrun.mrte <> - INTEL_MRTE_PROFILER_MODE=mixed
474 [31928] INFO perfrun.mrte <> - Data directory: D:\An4\APP\project_app\analyze\r000ps\data.0
474 [31928] INFO perfrun.mrte <> - Mrte plugin is initialized
475 [31928] INFO perfrun.launcher <> - plugin [emon] was disabled because it doesn't support the given collection type.
475 [31928] INFO perfrun.launcher <> - plugin [cuscol] was disabled because it doesn't support the given collection type.
476 [31928] INFO perfrun.launcher <> - plugin [stdsrc] was disabled because it doesn't support the given collection type.
476 [31928] INFO perfrun.launcher <> - plugin [sep] was disabled because it doesn't support the given collection type.
476 [31928] INFO perfrun.launcher <> - plugin [vtsspp] was disabled because it doesn't support the given collection type.
477 [31928] INFO perfrun.launcher <> - plugin [perf] was disabled because it doesn't support the given collection type.
477 [31928] INFO perfrun.launcher <> - plugin [aoclprofile] was disabled because it doesn't support the given collection type.
478 [31928] INFO perfrun.tpss <> - initialize tpss controller
479 [31928] INFO perfrun.tpss <> - configure collection mode: value = cpu:counters:nostack
481 [31928] INFO perfrun.tpss <> - configure collection mode: value = cpu:nostack
481 [31928] INFO perfrun.tpss <> - default obj-size-min=1024
481 [31928] INFO perfrun.tpss <> - default hash-table-size=0
482 [31928] INFO perfrun.launcher <> - plugin [] was disabled because it doesn't support the given collection type.
482 [31928] INFO perfrun.launcher <> - plugin [] was disabled because it doesn't support the given collection type.
482 [31928] INFO perfrun.launcher <> - plugin [] was disabled because it doesn't support the given collection type.
482 [31928] INFO perfrun.launcher <> - plugin [] was disabled because it doesn't support the given collection type.
482 [31928] INFO perfrun.launcher <> - plugin [power] was disabled because it doesn't support the given collection type.
482 [31928] INFO perfrun.launcher <> - plugin [] was disabled because it doesn't support the given collection type.
482 [31928] INFO perfrun.launcher <> - plugin [ipmwatch] was disabled because it doesn't support the given collection type.
483 [31928] INFO perfrun.launcher <> - plugin [os_counters] was disabled because it doesn't support the given collection type.
483 [31928] INFO perfrun.launcher <> - plugin [l0_metrics] was disabled because it doesn't support the given collection type.
483 [32316] INFO perfrun.launcher <> - set environment variable: PATH = C:\Program Files (x86)\Intel\oneAPI\vtune\2025.0\bin32\runtime;C:\Program Files (x86)\Intel\oneAPI\vtune\2025.0\bin64\runtime;C:\Program Files (x86)\VMware\VMware Workstation\bin\;C:\Program Files\Common Files\Oracle\Java\javapath;C:\WINDOWS\system32;C:\WINDOWS;C:\WINDOWS\System32\Wbem;C:\WINDOWS\System32\WindowsPowerShell\v1.0\;C:\WINDOWS\System32\OpenSSH\;C:\Program Files\Git\cmd;C:\Program Files\dotnet\;C:\Program Files\Microsoft SQL Server\150\Tools\Binn\;C:\Program Files (x86)\Windows Kits\10\Windows Performance Toolkit\;C:\Users\belib\AppData\Local\Programs\Python\Python312\Scripts\;C:\Users\belib\AppData\Local\Programs\Python\Python312\;C:\Users\belib\AppData\Local\Programs\Python\Launcher\;C:\Users\belib\AppData\Local\Microsoft\WindowsApps;C:\Users\belib\AppData\Local\Programs\Microsoft VS Code\bin;D:\.SetUp\.Inteliij_Idea\IntelliJ IDEA 2022.2.2\bin;C:\Users\belib\AppData\Local\JetBrains\Toolbox\scripts;;C:\ghcup\bin
483 [32316] INFO perfrun.launcher <> - set environment variable: INTEL_LIBITTNOTIFY32 = C:\Program Files (x86)\Intel\oneAPI\vtune\2025.0\bin32\runtime\ittnotify_collector.dll
483 [32316] INFO perfrun.launcher <> - set environment variable: INTEL_LIBITTNOTIFY64 = C:\Program Files (x86)\Intel\oneAPI\vtune\2025.0\bin64\runtime\ittnotify_collector.dll
483 [32316] INFO perfrun.launcher <> - set environment variable: INTEL_ITTNOTIFY_GROUPS = 
483 [32316] INFO perfrun.launcher <> - set environment variable: INTEL_JIT_PROFILER32 = C:\Program Files (x86)\Intel\oneAPI\vtune\2025.0\bin32\runtime\ittnotify_collector.dll
483 [32316] INFO perfrun.launcher <> - set environment variable: INTEL_JIT_PROFILER64 = C:\Program Files (x86)\Intel\oneAPI\vtune\2025.0\bin64\runtime\ittnotify_collector.dll
483 [32316] INFO perfrun.launcher <> - set environment variable: CCL_ITT_LEVEL = 1
483 [32316] INFO perfrun.launcher <> - set environment variable: ENABLE_JITPROFILING = 1
484 [32316] INFO perfrun.launcher <> - set environment variable: CL_CONFIG_USE_VTUNE = True
484 [32316] INFO perfrun.launcher <> - set environment variable: KMP_FORKJOIN_FRAMES = 0
484 [32316] INFO perfrun.launcher <> - set environment variable: KMP_FORKJOIN_FRAMES_MODE = 0
484 [32316] INFO perfrun.launcher <> - set environment variable: INTEL_MRTE_DATA_DIR = D:\An4\APP\project_app\analyze\r000ps\data.0
484 [32316] INFO perfrun.launcher <> - set environment variable: INTEL_MRTE_HOST_NAME = daba
484 [32316] INFO perfrun.launcher <> - set environment variable: JAVA_TOOL_OPTIONS = -agentlib:amplxe_samplingmrte_javaprof_1.0
484 [32316] INFO perfrun.launcher <> - set environment variable: PATH = C:\Program Files (x86)\Intel\oneAPI\vtune\2025.0\bin32\runtime;C:\Program Files (x86)\Intel\oneAPI\vtune\2025.0\bin64\runtime;C:\Program Files (x86)\VMware\VMware Workstation\bin\;C:\Program Files\Common Files\Oracle\Java\javapath;C:\WINDOWS\system32;C:\WINDOWS;C:\WINDOWS\System32\Wbem;C:\WINDOWS\System32\WindowsPowerShell\v1.0\;C:\WINDOWS\System32\OpenSSH\;C:\Program Files\Git\cmd;C:\Program Files\dotnet\;C:\Program Files\Microsoft SQL Server\150\Tools\Binn\;C:\Program Files (x86)\Windows Kits\10\Windows Performance Toolkit\;C:\Users\belib\AppData\Local\Programs\Python\Python312\Scripts\;C:\Users\belib\AppData\Local\Programs\Python\Python312\;C:\Users\belib\AppData\Local\Programs\Python\Launcher\;C:\Users\belib\AppData\Local\Microsoft\WindowsApps;C:\Users\belib\AppData\Local\Programs\Microsoft VS Code\bin;D:\.SetUp\.Inteliij_Idea\IntelliJ IDEA 2022.2.2\bin;C:\Users\belib\AppData\Local\JetBrains\Toolbox\scripts;;C:\ghcup\bin
484 [32316] INFO perfrun.launcher <> - set environment variable: COR_ENABLE_PROFILING = 1
484 [32316] INFO perfrun.launcher <> - set environment variable: COR_PROFILER = {AA5E4821-E3B1-479c-B7FF-5AD047D22CED}
484 [32316] INFO perfrun.launcher <> - set environment variable: COMPLUS_ProfAPI_ProfilerCompatibilitySetting = EnableV2Profiler
484 [32316] INFO perfrun.launcher <> - set environment variable: CORECLR_ENABLE_PROFILING = 1
484 [32316] INFO perfrun.launcher <> - set environment variable: CORECLR_PROFILER = {AA5E4821-E3B1-479c-B7FF-5AD047D22CED}
485 [32316] INFO perfrun.launcher <> - set environment variable: CORECLR_PROFILER_PATH = C:\Program Files (x86)\Intel\oneAPI\vtune\2025.0\bin64/amplxe_samplingmrte_clrprof_1.0.dll
485 [32316] INFO perfrun.launcher <> - set environment variable: INTEL_MRTE_PROFILER_MODE = mixed
485 [32316] INFO perfrun.launcher <> - RpcServer: run RPC server to handle requests
497 [32316] INFO perfrun.sdk <> - IProcessUtil: the given executable 'D:\An4\APP\project_app\queens.exe' is valid.
497 [32316] INFO perfrun.launcher <> - Launcher: command line to start before modification = D:\An4\APP\project_app\queens.exe 14
501 [32316] INFO perfrun.launcher <> - Launcher: command line to start after modification = C:\Program Files (x86)\Intel\oneAPI\vtune\2025.0\bin64\pin.exe -error_file D:\An4\APP\project_app\analyze\r000ps\data.0\pinerr.tpsslog -detach_reattach -probe -follow_execv -p32 C:\Program Files (x86)\Intel\oneAPI\vtune\2025.0\bin32\pin.exe -p64 C:\Program Files (x86)\Intel\oneAPI\vtune\2025.0\bin64\pin.exe -t64 C:\Program Files (x86)\Intel\oneAPI\vtune\2025.0\bin64\tpsstool.dll -t C:\Program Files (x86)\Intel\oneAPI\vtune\2025.0\bin32\tpsstool.dll -server_name tpss_ipc.33892 -prd_dir C:\Program Files (x86)\Intel\oneAPI\vtune\2025.0 -- D:\An4\APP\project_app\queens.exe 14
501 [32316] INFO perfrun.launcher <> - ProcessCreator object was created
521 [32316] INFO perfrun.launcher <> - Launcher: the process was started in suspend mode
524 [31928] INFO perfrun.itt <> - start itt controller for pid #35864
530 [31928] INFO perfrun.tpss <> - start tpss controller for pid #35864
585 [32316] INFO perfrun.launcher <> - Launcher: all plugins were started
585 [32316] INFO perfrun.launcher <> - DirectoryMonitor object was created
586 [32316] INFO perfrun.launcher <> - DirectoryMonitor: a callback was added
586 [32316] INFO perfrun.launcher <> - DirectoryMonitor was started with pingTime = 1000
586 [32316] INFO perfrun.launcher <> - DeadlineTimer is going to be constructed
586 [32316] INFO perfrun.launcher <> - DeadlineTimer: a callback was added
598 [32316] INFO perfrun.launcher <> - Launcher: resume the profiled application and  wait its termination or stop command
1503 [32316] INFO perfrun.launcher <> - Launcher: the profiled application was terminated  with exit code = 0
1511 [31928] INFO perfrun.itt <> - detach itt controller
1511 [31928] INFO perfrun.itt <> - detach itt controller done
1511 [31928] INFO perfrun.tpss <> - stop tpss controller
1512 [31928] INFO perfrun.sdk <> - De-allocating TMU: D:\An4\APP\project_app\analyze\r000ps\data.0\systemcollector-33892-daba.sc
1526 [31928] INFO perfrun.system <> - closed the system trace file: D:\An4\APP\project_app\analyze\r000ps\data.0\systemcollector-33892-daba.sc
1526 [32316] INFO perfrun.launcher <> - Launcher: all plugins were stopped.
1526 [32316] INFO perfrun.launcher <> - DeadlineTimer is going to be destroyed
1527 [32316] INFO perfrun.launcher <> - DeadlineTimer was destroyed
1527 [32316] INFO perfrun.launcher <> - DirectoryMonitor object was destroyed
1527 [32316] WARN perfrun.launcher <> - Stop command is ignored because it is received when collection is already stopped, at file: vcs\perfrun1\launcher\src\command_handler.cpp:226
1528 [32316] INFO perfrun.launcher <> - Application exit code: 0
1528 [32316] INFO perfrun.launcher <> - Exit code: 0
