150 [1548] INFO perfrun.launcher <> - Launcher main begin
155 [1548] INFO perfrun.launcher <> - MessageCatalogInit finished
156 [1548] INFO perfrun.launcher <> - Launcher instance created
156 [1548] INFO perfrun.launcher <> - argc = 7; cmdline = C:\Program Files (x86)\Intel\oneAPI\vtune\2025.0\bin64\amplxe-runss.exe --ui-output-format xml --ui-output-fd 1244 --option-file D:\An4\APP\project_app\analyze\r002hs\config\runss.options 
170 [1548] INFO perfrun.launcher <> - New signal handler callback was added
323 [1548] INFO perfrun.perfcollector <> - SEP tool path: C:\Program Files (x86)\Intel\oneAPI\vtune\2025.0\bin64\sep.exe
341 [1548] INFO perfrun.launcher <> - create msngr2::ICliToolContext
342 [1548] INFO perfrun.launcher <> - create file finder object
343 [1548] INFO perfrun.launcher <> - create a result directory: pattern = D:\An4\APP\project_app\analyze\r002hs pid = 4294967295
346 [1548] INFO perfrun.launcher <> - create data directory = D:\An4\APP\project_app\analyze\r002hs\data.0
347 [1548] INFO perfrun.launcher <> - Creating the master collection flag
357 [1548] INFO perfrun.launcher <> - Done creating the master collection flag
357 [30016] INFO perfrun.launcher <> - plugin [remoteplug] was disabled because it doesn't support the given collection type.
358 [30016] INFO perfrun.sdk <> - Allocating TMU :D:\An4\APP\project_app\analyze\r002hs\data.0\systemcollector-31464-daba.sc
359 [30016] INFO perfrun.launcher <> - plugin [] was disabled because it doesn't support the given collection type.
363 [30016] INFO perfrun.launcher <> - plugin [] was disabled because it doesn't support the given collection type.
363 [30016] INFO perfrun.launcher <> - plugin [gpu] was disabled because it doesn't support the given collection type.
363 [30016] INFO perfrun.launcher <> - plugin [etw.kernel] was disabled because it doesn't support the given collection type.
363 [30016] INFO perfrun.launcher <> - plugin [etw.dx] was disabled because it doesn't support the given collection type.
363 [30016] INFO perfrun.launcher <> - plugin [etw.wsa] was disabled because it doesn't support the given collection type.
363 [30016] INFO perfrun.mrte <> - system-wide mode is 0
363 [30016] INFO perfrun.mrte <> - Getting  mrte profiling environment ...
396 [30016] INFO perfrun.mrte <> - INTEL_MRTE_DATA_DIR=D:\An4\APP\project_app\analyze\r002hs\data.0
396 [30016] INFO perfrun.mrte <> - INTEL_MRTE_HOST_NAME=daba
396 [30016] INFO perfrun.mrte <> - JAVA_TOOL_OPTIONS=-agentlib:amplxe_samplingmrte_javaprof_1.0
396 [30016] INFO perfrun.mrte <> - PATH=C:\Program Files (x86)\Intel\oneAPI\vtune\2025.0\bin32\runtime;C:\Program Files (x86)\Intel\oneAPI\vtune\2025.0\bin64\runtime;C:\Program Files (x86)\VMware\VMware Workstation\bin\;C:\Program Files\Common Files\Oracle\Java\javapath;C:\WINDOWS\system32;C:\WINDOWS;C:\WINDOWS\System32\Wbem;C:\WINDOWS\System32\WindowsPowerShell\v1.0\;C:\WINDOWS\System32\OpenSSH\;C:\Program Files\Git\cmd;C:\Program Files\dotnet\;C:\Program Files\Microsoft SQL Server\150\Tools\Binn\;C:\Program Files (x86)\Windows Kits\10\Windows Performance Toolkit\;C:\Users\belib\AppData\Local\Programs\Python\Python312\Scripts\;C:\Users\belib\AppData\Local\Programs\Python\Python312\;C:\Users\belib\AppData\Local\Programs\Python\Launcher\;C:\Users\belib\AppData\Local\Microsoft\WindowsApps;C:\Users\belib\AppData\Local\Programs\Microsoft VS Code\bin;D:\.SetUp\.Inteliij_Idea\IntelliJ IDEA 2022.2.2\bin;C:\Users\belib\AppData\Local\JetBrains\Toolbox\scripts;;C:\ghcup\bin
396 [30016] INFO perfrun.mrte <> - COR_ENABLE_PROFILING=1
396 [30016] INFO perfrun.mrte <> - COR_PROFILER={AA5E4821-E3B1-479c-B7FF-5AD047D22CED}
396 [30016] INFO perfrun.mrte <> - COMPLUS_ProfAPI_ProfilerCompatibilitySetting=EnableV2Profiler
396 [30016] INFO perfrun.mrte <> - CORECLR_ENABLE_PROFILING=1
396 [30016] INFO perfrun.mrte <> - CORECLR_PROFILER={AA5E4821-E3B1-479c-B7FF-5AD047D22CED}
396 [30016] INFO perfrun.mrte <> - CORECLR_PROFILER_PATH=C:\Program Files (x86)\Intel\oneAPI\vtune\2025.0\bin64/amplxe_samplingmrte_clrprof_1.0.dll
396 [30016] INFO perfrun.mrte <> - INTEL_MRTE_PROFILER_MODE=mixed
396 [30016] INFO perfrun.mrte <> - Data directory: D:\An4\APP\project_app\analyze\r002hs\data.0
396 [30016] INFO perfrun.mrte <> - Mrte plugin is initialized
396 [30016] INFO perfrun.launcher <> - plugin [emon] was disabled because it doesn't support the given collection type.
396 [30016] INFO perfrun.launcher <> - plugin [cuscol] was disabled because it doesn't support the given collection type.
396 [30016] INFO perfrun.launcher <> - plugin [stdsrc] was disabled because it doesn't support the given collection type.
396 [30016] INFO perfrun.launcher <> - plugin [sep] was disabled because it doesn't support the given collection type.
396 [30016] INFO perfrun.launcher <> - plugin [vtsspp] was disabled because it doesn't support the given collection type.
396 [30016] INFO perfrun.launcher <> - plugin [perf] was disabled because it doesn't support the given collection type.
397 [30016] INFO perfrun.launcher <> - plugin [aoclprofile] was disabled because it doesn't support the given collection type.
397 [30016] INFO perfrun.tpss <> - initialize tpss controller
397 [30016] INFO perfrun.tpss <> - configure collection mode: value = cpu:counters:nostack
397 [30016] INFO perfrun.tpss <> - configure collection mode: value = cpu:stack
397 [30016] INFO perfrun.tpss <> - default obj-size-min=1024
397 [30016] INFO perfrun.tpss <> - default hash-table-size=0
397 [30016] INFO perfrun.launcher <> - plugin [] was disabled because it doesn't support the given collection type.
397 [30016] INFO perfrun.launcher <> - plugin [] was disabled because it doesn't support the given collection type.
397 [30016] INFO perfrun.launcher <> - plugin [] was disabled because it doesn't support the given collection type.
397 [30016] INFO perfrun.launcher <> - plugin [] was disabled because it doesn't support the given collection type.
397 [30016] INFO perfrun.launcher <> - plugin [power] was disabled because it doesn't support the given collection type.
397 [30016] INFO perfrun.launcher <> - plugin [] was disabled because it doesn't support the given collection type.
397 [30016] INFO perfrun.launcher <> - plugin [ipmwatch] was disabled because it doesn't support the given collection type.
397 [30016] INFO perfrun.launcher <> - plugin [os_counters] was disabled because it doesn't support the given collection type.
397 [30016] INFO perfrun.launcher <> - plugin [l0_metrics] was disabled because it doesn't support the given collection type.
397 [1548] INFO perfrun.launcher <> - set environment variable: PATH = C:\Program Files (x86)\Intel\oneAPI\vtune\2025.0\bin32\runtime;C:\Program Files (x86)\Intel\oneAPI\vtune\2025.0\bin64\runtime;C:\Program Files (x86)\VMware\VMware Workstation\bin\;C:\Program Files\Common Files\Oracle\Java\javapath;C:\WINDOWS\system32;C:\WINDOWS;C:\WINDOWS\System32\Wbem;C:\WINDOWS\System32\WindowsPowerShell\v1.0\;C:\WINDOWS\System32\OpenSSH\;C:\Program Files\Git\cmd;C:\Program Files\dotnet\;C:\Program Files\Microsoft SQL Server\150\Tools\Binn\;C:\Program Files (x86)\Windows Kits\10\Windows Performance Toolkit\;C:\Users\belib\AppData\Local\Programs\Python\Python312\Scripts\;C:\Users\belib\AppData\Local\Programs\Python\Python312\;C:\Users\belib\AppData\Local\Programs\Python\Launcher\;C:\Users\belib\AppData\Local\Microsoft\WindowsApps;C:\Users\belib\AppData\Local\Programs\Microsoft VS Code\bin;D:\.SetUp\.Inteliij_Idea\IntelliJ IDEA 2022.2.2\bin;C:\Users\belib\AppData\Local\JetBrains\Toolbox\scripts;;C:\ghcup\bin
397 [1548] INFO perfrun.launcher <> - set environment variable: INTEL_LIBITTNOTIFY32 = C:\Program Files (x86)\Intel\oneAPI\vtune\2025.0\bin32\runtime\ittnotify_collector.dll
398 [1548] INFO perfrun.launcher <> - set environment variable: INTEL_LIBITTNOTIFY64 = C:\Program Files (x86)\Intel\oneAPI\vtune\2025.0\bin64\runtime\ittnotify_collector.dll
398 [1548] INFO perfrun.launcher <> - set environment variable: INTEL_ITTNOTIFY_GROUPS = 
398 [1548] INFO perfrun.launcher <> - set environment variable: INTEL_JIT_PROFILER32 = C:\Program Files (x86)\Intel\oneAPI\vtune\2025.0\bin32\runtime\ittnotify_collector.dll
398 [1548] INFO perfrun.launcher <> - set environment variable: INTEL_JIT_PROFILER64 = C:\Program Files (x86)\Intel\oneAPI\vtune\2025.0\bin64\runtime\ittnotify_collector.dll
398 [1548] INFO perfrun.launcher <> - set environment variable: CCL_ITT_LEVEL = 1
398 [1548] INFO perfrun.launcher <> - set environment variable: ENABLE_JITPROFILING = 1
398 [1548] INFO perfrun.launcher <> - set environment variable: CL_CONFIG_USE_VTUNE = True
399 [1548] INFO perfrun.launcher <> - set environment variable: KMP_FORKJOIN_FRAMES = 0
399 [1548] INFO perfrun.launcher <> - set environment variable: KMP_FORKJOIN_FRAMES_MODE = 0
399 [1548] INFO perfrun.launcher <> - set environment variable: INTEL_MRTE_DATA_DIR = D:\An4\APP\project_app\analyze\r002hs\data.0
399 [1548] INFO perfrun.launcher <> - set environment variable: INTEL_MRTE_HOST_NAME = daba
399 [1548] INFO perfrun.launcher <> - set environment variable: JAVA_TOOL_OPTIONS = -agentlib:amplxe_samplingmrte_javaprof_1.0
399 [1548] INFO perfrun.launcher <> - set environment variable: PATH = C:\Program Files (x86)\Intel\oneAPI\vtune\2025.0\bin32\runtime;C:\Program Files (x86)\Intel\oneAPI\vtune\2025.0\bin64\runtime;C:\Program Files (x86)\VMware\VMware Workstation\bin\;C:\Program Files\Common Files\Oracle\Java\javapath;C:\WINDOWS\system32;C:\WINDOWS;C:\WINDOWS\System32\Wbem;C:\WINDOWS\System32\WindowsPowerShell\v1.0\;C:\WINDOWS\System32\OpenSSH\;C:\Program Files\Git\cmd;C:\Program Files\dotnet\;C:\Program Files\Microsoft SQL Server\150\Tools\Binn\;C:\Program Files (x86)\Windows Kits\10\Windows Performance Toolkit\;C:\Users\belib\AppData\Local\Programs\Python\Python312\Scripts\;C:\Users\belib\AppData\Local\Programs\Python\Python312\;C:\Users\belib\AppData\Local\Programs\Python\Launcher\;C:\Users\belib\AppData\Local\Microsoft\WindowsApps;C:\Users\belib\AppData\Local\Programs\Microsoft VS Code\bin;D:\.SetUp\.Inteliij_Idea\IntelliJ IDEA 2022.2.2\bin;C:\Users\belib\AppData\Local\JetBrains\Toolbox\scripts;;C:\ghcup\bin
399 [1548] INFO perfrun.launcher <> - set environment variable: COR_ENABLE_PROFILING = 1
399 [1548] INFO perfrun.launcher <> - set environment variable: COR_PROFILER = {AA5E4821-E3B1-479c-B7FF-5AD047D22CED}
399 [1548] INFO perfrun.launcher <> - set environment variable: COMPLUS_ProfAPI_ProfilerCompatibilitySetting = EnableV2Profiler
399 [1548] INFO perfrun.launcher <> - set environment variable: CORECLR_ENABLE_PROFILING = 1
400 [1548] INFO perfrun.launcher <> - set environment variable: CORECLR_PROFILER = {AA5E4821-E3B1-479c-B7FF-5AD047D22CED}
400 [1548] INFO perfrun.launcher <> - set environment variable: CORECLR_PROFILER_PATH = C:\Program Files (x86)\Intel\oneAPI\vtune\2025.0\bin64/amplxe_samplingmrte_clrprof_1.0.dll
400 [1548] INFO perfrun.launcher <> - set environment variable: INTEL_MRTE_PROFILER_MODE = mixed
400 [1548] INFO perfrun.launcher <> - RpcServer: run RPC server to handle requests
408 [1548] INFO perfrun.sdk <> - IProcessUtil: the given executable 'D:\An4\APP\project_app\queens.exe' is valid.
408 [1548] INFO perfrun.launcher <> - Launcher: command line to start before modification = D:\An4\APP\project_app\queens.exe 15
411 [1548] INFO perfrun.launcher <> - Launcher: command line to start after modification = C:\Program Files (x86)\Intel\oneAPI\vtune\2025.0\bin64\pin.exe -error_file D:\An4\APP\project_app\analyze\r002hs\data.0\pinerr.tpsslog -detach_reattach -probe -follow_execv -p32 C:\Program Files (x86)\Intel\oneAPI\vtune\2025.0\bin32\pin.exe -p64 C:\Program Files (x86)\Intel\oneAPI\vtune\2025.0\bin64\pin.exe -t64 C:\Program Files (x86)\Intel\oneAPI\vtune\2025.0\bin64\tpsstool.dll -t C:\Program Files (x86)\Intel\oneAPI\vtune\2025.0\bin32\tpsstool.dll -server_name tpss_ipc.31464 -prd_dir C:\Program Files (x86)\Intel\oneAPI\vtune\2025.0 -- D:\An4\APP\project_app\queens.exe 15
411 [1548] INFO perfrun.launcher <> - ProcessCreator object was created
416 [1548] INFO perfrun.launcher <> - Launcher: the process was started in suspend mode
417 [30016] INFO perfrun.itt <> - start itt controller for pid #26444
421 [30016] INFO perfrun.tpss <> - start tpss controller for pid #26444
473 [1548] INFO perfrun.launcher <> - Launcher: all plugins were started
473 [1548] INFO perfrun.launcher <> - DirectoryMonitor object was created
473 [1548] INFO perfrun.launcher <> - DirectoryMonitor: a callback was added
473 [1548] INFO perfrun.launcher <> - DirectoryMonitor was started with pingTime = 1000
473 [1548] INFO perfrun.launcher <> - DeadlineTimer is going to be constructed
474 [1548] INFO perfrun.launcher <> - DeadlineTimer: a callback was added
491 [1548] INFO perfrun.launcher <> - Launcher: resume the profiled application and  wait its termination or stop command
3467 [1548] INFO perfrun.launcher <> - Launcher: the profiled application was terminated  with exit code = 0
3474 [30016] INFO perfrun.itt <> - detach itt controller
3474 [30016] INFO perfrun.itt <> - detach itt controller done
3474 [30016] INFO perfrun.tpss <> - stop tpss controller
3474 [30016] INFO perfrun.sdk <> - De-allocating TMU: D:\An4\APP\project_app\analyze\r002hs\data.0\systemcollector-31464-daba.sc
3496 [30016] INFO perfrun.system <> - closed the system trace file: D:\An4\APP\project_app\analyze\r002hs\data.0\systemcollector-31464-daba.sc
3496 [1548] INFO perfrun.launcher <> - Launcher: all plugins were stopped.
3496 [1548] INFO perfrun.launcher <> - DeadlineTimer is going to be destroyed
3497 [1548] INFO perfrun.launcher <> - DeadlineTimer was destroyed
3497 [1548] INFO perfrun.launcher <> - DirectoryMonitor object was destroyed
3497 [1548] WARN perfrun.launcher <> - Stop command is ignored because it is received when collection is already stopped, at file: vcs\perfrun1\launcher\src\command_handler.cpp:226
3498 [1548] INFO perfrun.launcher <> - Application exit code: 0
3498 [1548] INFO perfrun.launcher <> - Exit code: 0
